2024-11-21 08:57:43,904 - INFO - 
Successfully executed Auth_Followlist.py

2024-11-21 08:57:46,941 - INFO - 
Successfully executed BiT_Spotify_Merge.py

2024-11-21 08:57:57,925 - INFO - 
Successfully executed BiT_Archive_Scraping.py

2024-11-21 08:57:59,100 - INFO - 
Successfully executed Europe_Events.py

2024-11-21 08:58:50,001 - INFO - 

		Thank you for porcodioeing with me
2024-11-21 09:15:59,365 - INFO - 
Successfully executed Auth_Followlist.py

2024-11-21 09:16:02,385 - INFO - 
Successfully executed BiT_Spotify_Merge.py

2024-11-21 09:16:09,169 - INFO - 
Successfully executed BiT_Archive_Scraping.py

2024-11-21 09:16:10,182 - INFO - 
Successfully executed Europe_Events.py

2024-11-21 09:18:25,711 - INFO - 
Successfully executed Auth_Followlist.py

2024-11-21 09:18:28,570 - INFO - 
Successfully executed BiT_Spotify_Merge.py

2024-11-21 09:18:37,826 - INFO - 
Successfully executed BiT_Archive_Scraping.py

2024-11-21 09:18:38,848 - INFO - 
Successfully executed Europe_Events.py

2024-11-21 09:34:24,870 - INFO - 
Successfully executed Auth_Followlist.py

2024-11-21 09:34:27,720 - INFO - 
Successfully executed BiT_Spotify_Merge.py

2024-11-21 09:34:32,823 - INFO - 
Successfully executed BiT_Archive_Scraping.py

2024-11-21 09:34:33,872 - INFO - 
Successfully executed Europe_Events.py

2024-11-21 09:36:58,677 - INFO - 
Successfully executed Auth_Followlist.py

2024-11-21 09:37:01,767 - INFO - 
Successfully executed BiT_Spotify_Merge.py

2024-11-21 09:37:06,632 - INFO - 
Successfully executed BiT_Archive_Scraping.py

2024-11-21 09:37:07,647 - INFO - 
Successfully executed Europe_Events.py

